<?xml version="1.0" encoding="UTF-8"?>
<!-- Generated by org.testng.reporters.JUnitReportReporter -->
<testsuite hostname="LAPTOP-7VIEMB4M" failures="0" tests="1" name="com.tejas.TestngMaven.Login" time="1.258" errors="0" timestamp="2022-04-01T23:36:25 IST" skipped="0">
  <testcase classname="com.tejas.TestngMaven.Login" name="login" time="1.258"/>
  <system-out/>
</testsuite> <!-- com.tejas.TestngMaven.Login -->
