<?xml version="1.0" encoding="UTF-8"?>
<!-- Generated by org.testng.reporters.JUnitReportReporter -->
<testsuite hostname="LAPTOP-7VIEMB4M" failures="0" tests="1" name="com.test.MavenTestNg.Register" time="25.993" errors="0" timestamp="2022-04-11T14:40:57 IST" skipped="0">
  <testcase classname="com.test.MavenTestNg.Register" name="getin" time="25.993"/>
  <system-out/>
</testsuite> <!-- com.test.MavenTestNg.Register -->
