<?xml version="1.0" encoding="UTF-8"?>
<!-- Generated by org.testng.reporters.JUnitReportReporter -->
<testsuite hostname="LAPTOP-7VIEMB4M" failures="0" tests="7" name="com.test.MavenTestNg.Login" time="16.666" errors="0" timestamp="2022-04-11T14:40:57 IST" skipped="0">
  <testcase classname="com.test.MavenTestNg.Login" name="login" time="0.297"/>
  <system-out/>
  <testcase classname="com.test.MavenTestNg.Login" name="login" time="2.289"/>
  <system-out/>
  <testcase classname="com.test.MavenTestNg.Login" name="login" time="8.162"/>
  <system-out/>
  <testcase classname="com.test.MavenTestNg.Login" name="login" time="2.011"/>
  <system-out/>
  <testcase classname="com.test.MavenTestNg.Login" name="login" time="1.885"/>
  <system-out/>
  <testcase classname="com.test.MavenTestNg.Login" name="login" time="0.339"/>
  <system-out/>
  <testcase classname="com.test.MavenTestNg.Login" name="login" time="1.683"/>
  <system-out/>
</testsuite> <!-- com.test.MavenTestNg.Login -->
